<?xml version="1.0" encoding="UTF-8"?>
<!-- Generated by org.testng.reporters.JUnitXMLReporter -->
<testsuite ignored="1" hostname="LAPTOP-8JT0F01O" failures="0" tests="1" name="Default test" time="0.027" errors="0" timestamp="2023-01-20T15:50:38 WIB">
  <testcase classname="com.juaracoding.Test_Web.Demo_Guru99.UjianMinggu3Day15" name="@BeforeSuite UjianMinggu3" time="0.008">
    <failure type="java.lang.Error" message="Unresolved compilation problem: 
	The constructor WebDriverWait(WebDriver, Duration) is undefined
">
      <![CDATA[java.lang.Error: Unresolved compilation problem: 
The constructor WebDriverWait(WebDriver, Duration) is undefined

at com.juaracoding.Test_Web.Demo_Guru99.UjianMinggu3Day15.UjianMinggu3(UjianMinggu3Day15.java:42)
at java.base/jdk.internal.reflect.NativeMethodAccessorImpl.invoke0(Native Method)
at java.base/jdk.internal.reflect.NativeMethodAccessorImpl.invoke(NativeMethodAccessorImpl.java:77)
at java.base/jdk.internal.reflect.DelegatingMethodAccessorImpl.invoke(DelegatingMethodAccessorImpl.java:43)
at java.base/java.lang.reflect.Method.invoke(Method.java:568)
at org.testng.internal.MethodInvocationHelper.invokeMethod(MethodInvocationHelper.java:133)
at org.testng.internal.MethodInvocationHelper.invokeMethodConsideringTimeout(MethodInvocationHelper.java:62)
at org.testng.internal.ConfigInvoker.invokeConfigurationMethod(ConfigInvoker.java:385)
at org.testng.internal.ConfigInvoker.invokeConfigurations(ConfigInvoker.java:321)
at org.testng.SuiteRunner.privateRun(SuiteRunner.java:317)
at org.testng.SuiteRunner.run(SuiteRunner.java:276)
at org.testng.SuiteRunnerWorker.runSuite(SuiteRunnerWorker.java:53)
at org.testng.SuiteRunnerWorker.run(SuiteRunnerWorker.java:96)
at org.testng.TestNG.runSuitesSequentially(TestNG.java:1212)
at org.testng.TestNG.runSuitesLocally(TestNG.java:1134)
at org.testng.TestNG.runSuites(TestNG.java:1063)
at org.testng.TestNG.run(TestNG.java:1031)
at org.testng.remote.AbstractRemoteTestNG.run(AbstractRemoteTestNG.java:115)
at org.testng.remote.RemoteTestNG.initAndRun(RemoteTestNG.java:251)
at org.testng.remote.RemoteTestNG.main(RemoteTestNG.java:77)
]]>
    </failure>
  </testcase> <!-- @BeforeSuite UjianMinggu3 -->
  <testcase classname="com.juaracoding.Test_Web.Demo_Guru99.UjianMinggu3Day15" name="CheckOut" time="0.0">
    <skipped/>
  </testcase> <!-- CheckOut -->
  <testcase classname="com.juaracoding.Test_Web.Demo_Guru99.UjianMinggu3Day15" name="CheckOut2" time="0.0">
    <ignored/>
  </testcase> <!-- CheckOut2 -->
</testsuite> <!-- Default test -->
